<?xml version="1.0" encoding="UTF-8"?>
<testng-results ignored="0" total="2" passed="2" failed="0" skipped="0">
  <reporter-output>
  </reporter-output>
  <suite started-at="2021-05-05T07:42:55Z" name="All Test Suite" finished-at="2021-05-05T07:44:58Z" duration-ms="123299">
    <groups>
    </groups>
    <test started-at="2021-05-05T07:42:55Z" name="IOS" finished-at="2021-05-05T07:43:48Z" duration-ms="52640">
      <class name="Test.LoginPageIOS">
        <test-method is-config="true" signature="setUp()[pri:0, instance:Test.LoginPageIOS@27abb83e]" started-at="2021-05-05T07:42:55Z" name="setUp" finished-at="2021-05-05T07:43:31Z" duration-ms="36053" status="PASS">
          <reporter-output>
          </reporter-output>
        </test-method> <!-- setUp -->
        <test-method signature="Test2()[pri:0, instance:Test.LoginPageIOS@27abb83e]" started-at="2021-05-05T07:43:31Z" name="Test2" finished-at="2021-05-05T07:43:47Z" duration-ms="15684" status="PASS">
          <reporter-output>
          </reporter-output>
        </test-method> <!-- Test2 -->
      </class> <!-- Test.LoginPageIOS -->
    </test> <!-- IOS -->
    <test started-at="2021-05-05T07:42:55Z" name="Android" finished-at="2021-05-05T07:44:58Z" duration-ms="123298">
      <class name="Test.LoginPageAndroid">
        <test-method is-config="true" signature="setUp()[pri:0, instance:Test.LoginPageAndroid@77128dab]" started-at="2021-05-05T07:42:55Z" name="setUp" finished-at="2021-05-05T07:44:46Z" duration-ms="110739" status="PASS">
          <reporter-output>
          </reporter-output>
        </test-method> <!-- setUp -->
        <test-method signature="Test1()[pri:0, instance:Test.LoginPageAndroid@77128dab]" started-at="2021-05-05T07:44:46Z" name="Test1" finished-at="2021-05-05T07:44:55Z" duration-ms="9096" status="PASS">
          <reporter-output>
          </reporter-output>
        </test-method> <!-- Test1 -->
        <test-method is-config="true" signature="tearDown()[pri:0, instance:Test.LoginPageAndroid@77128dab]" started-at="2021-05-05T07:44:55Z" name="tearDown" finished-at="2021-05-05T07:44:58Z" duration-ms="3412" status="PASS">
          <reporter-output>
          </reporter-output>
        </test-method> <!-- tearDown -->
      </class> <!-- Test.LoginPageAndroid -->
    </test> <!-- Android -->
  </suite> <!-- All Test Suite -->
</testng-results>
